2025-08-17 21:35:07,701 - stock_etl.core.database - INFO - {"file_path": "/tmp/tmpeomp68me.sql", "schema": "dev_stock_data", "database": "stock_data", "event": "Starting SQL file execution", "logger": "stock_etl.core.database", "level": "info", "timestamp": "2025-08-17T19:35:07.700953Z"}
2025-08-17 21:35:07,701 - stock_etl.core.database - INFO - {"file_size": 16568, "estimated_statements": 76, "event": "SQL file loaded", "logger": "stock_etl.core.database", "level": "info", "timestamp": "2025-08-17T19:35:07.701389Z"}
2025-08-17 21:35:07,891 - stock_etl.core.database - INFO - {"host": "localhost", "database": "stock_data", "schema": "dev_stock_data", "event": "Database engine created", "logger": "stock_etl.core.database", "level": "info", "timestamp": "2025-08-17T19:35:07.891727Z"}
2025-08-17 21:35:07,919 - stock_etl.core.database - INFO - {"event": "Setting search path to dev_stock_data", "logger": "stock_etl.core.database", "level": "info", "timestamp": "2025-08-17T19:35:07.919674Z"}
2025-08-17 21:35:07,920 - stock_etl.core.database - INFO - {"event": "Search path set successfully", "logger": "stock_etl.core.database", "level": "info", "timestamp": "2025-08-17T19:35:07.920655Z"}
2025-08-17 21:35:07,920 - stock_etl.core.database - INFO - {"event": "Executing complete SQL block as f-string", "logger": "stock_etl.core.database", "level": "info", "timestamp": "2025-08-17T19:35:07.920909Z"}
2025-08-17 21:35:07,993 - stock_etl.core.database - INFO - {"event": "Successfully executed complete SQL block", "logger": "stock_etl.core.database", "level": "info", "timestamp": "2025-08-17T19:35:07.993761Z"}
2025-08-17 21:35:07,995 - stock_etl.core.database - INFO - {"file_path": "sql/dev_dummy_data.sql", "schema": "dev_stock_data", "database": "stock_data", "event": "Starting SQL file execution", "logger": "stock_etl.core.database", "level": "info", "timestamp": "2025-08-17T19:35:07.995179Z"}
2025-08-17 21:35:07,997 - stock_etl.core.database - INFO - {"file_size": 10461, "estimated_statements": 81, "event": "SQL file loaded", "logger": "stock_etl.core.database", "level": "info", "timestamp": "2025-08-17T19:35:07.997077Z"}
2025-08-17 21:35:07,997 - stock_etl.core.database - INFO - {"event": "Setting search path to dev_stock_data", "logger": "stock_etl.core.database", "level": "info", "timestamp": "2025-08-17T19:35:07.997351Z"}
2025-08-17 21:35:07,998 - stock_etl.core.database - INFO - {"event": "Search path set successfully", "logger": "stock_etl.core.database", "level": "info", "timestamp": "2025-08-17T19:35:07.998080Z"}
2025-08-17 21:35:07,998 - stock_etl.core.database - INFO - {"event": "Executing complete SQL block as f-string", "logger": "stock_etl.core.database", "level": "info", "timestamp": "2025-08-17T19:35:07.998378Z"}
2025-08-17 21:35:08,020 - stock_etl.core.database - INFO - {"event": "Successfully executed complete SQL block", "logger": "stock_etl.core.database", "level": "info", "timestamp": "2025-08-17T19:35:08.020117Z"}
2025-08-18 00:02:14,870 - stock_etl.core.database - INFO - {"file_path": "/tmp/tmp9ydk8e0k.sql", "schema": "dev_stock_data", "database": "stock_data", "event": "Starting SQL file execution", "logger": "stock_etl.core.database", "level": "info", "timestamp": "2025-08-17T22:02:14.870818Z"}
2025-08-18 00:02:14,871 - stock_etl.core.database - INFO - {"file_size": 16568, "estimated_statements": 76, "event": "SQL file loaded", "logger": "stock_etl.core.database", "level": "info", "timestamp": "2025-08-17T22:02:14.871295Z"}
2025-08-18 00:02:15,044 - stock_etl.core.database - INFO - {"host": "localhost", "database": "stock_data", "schema": "dev_stock_data", "event": "Database engine created", "logger": "stock_etl.core.database", "level": "info", "timestamp": "2025-08-17T22:02:15.044280Z"}
2025-08-18 00:02:15,062 - stock_etl.core.database - INFO - {"event": "Setting search path to dev_stock_data", "logger": "stock_etl.core.database", "level": "info", "timestamp": "2025-08-17T22:02:15.062137Z"}
2025-08-18 00:02:15,062 - stock_etl.core.database - INFO - {"event": "Search path set successfully", "logger": "stock_etl.core.database", "level": "info", "timestamp": "2025-08-17T22:02:15.062742Z"}
2025-08-18 00:02:15,063 - stock_etl.core.database - INFO - {"event": "Executing complete SQL block as f-string", "logger": "stock_etl.core.database", "level": "info", "timestamp": "2025-08-17T22:02:15.063005Z"}
2025-08-18 00:02:15,160 - stock_etl.core.database - INFO - {"event": "Successfully executed complete SQL block", "logger": "stock_etl.core.database", "level": "info", "timestamp": "2025-08-17T22:02:15.160307Z"}
2025-08-18 00:02:15,161 - stock_etl.core.database - INFO - {"file_path": "sql/dev_dummy_data.sql", "schema": "dev_stock_data", "database": "stock_data", "event": "Starting SQL file execution", "logger": "stock_etl.core.database", "level": "info", "timestamp": "2025-08-17T22:02:15.161555Z"}
2025-08-18 00:02:15,163 - stock_etl.core.database - INFO - {"file_size": 10461, "estimated_statements": 81, "event": "SQL file loaded", "logger": "stock_etl.core.database", "level": "info", "timestamp": "2025-08-17T22:02:15.163345Z"}
2025-08-18 00:02:15,163 - stock_etl.core.database - INFO - {"event": "Setting search path to dev_stock_data", "logger": "stock_etl.core.database", "level": "info", "timestamp": "2025-08-17T22:02:15.163596Z"}
2025-08-18 00:02:15,164 - stock_etl.core.database - INFO - {"event": "Search path set successfully", "logger": "stock_etl.core.database", "level": "info", "timestamp": "2025-08-17T22:02:15.164493Z"}
2025-08-18 00:02:15,164 - stock_etl.core.database - INFO - {"event": "Executing complete SQL block as f-string", "logger": "stock_etl.core.database", "level": "info", "timestamp": "2025-08-17T22:02:15.164756Z"}
2025-08-18 00:02:15,187 - stock_etl.core.database - INFO - {"event": "Successfully executed complete SQL block", "logger": "stock_etl.core.database", "level": "info", "timestamp": "2025-08-17T22:02:15.187677Z"}
